The HCMV genome (EF999921) has 168 CDS.
target_id	test_stat	pval	qval
ABV71560.1	13.1118147140008	0.000293439304064768	0.0164734245678861
ABV71604.1	12.8155125038251	0.000343757231479351	0.0164734245678861
ABV71652.1	12.6304929427397	0.000379505089736865	0.0164734245678861
ABV71622.1	12.47771516596	0.000411835614197152	0.0164734245678861
ABV71646.1	11.1981987345399	0.000818767726381076	0.0203418546724704
ABV71651.1	11.0682240396601	0.000878197559216923	0.0203418546724704
ABV71649.1	11.0435639074182	0.000889956141920581	0.0203418546724704
ABV71626.1	10.2641763706979	0.00135638277631355	0.0271276555262709
ABV71595.1	9.53964677202869	0.00201080437814499	0.0357476333892444
ABV71519.1	8.69657380933725	0.00318808731768864	0.0483245728256593
ABV71596.1	8.61091361048191	0.00334154645587279	0.0483245728256593
ABV71506.1	8.46304648905962	0.00362434296192445	0.0483245728256593

Donor 1 (2dpi) had 4524730 read pairs before Bowtie2 filtering and 3492778 read pairs after. 
Donor 1 (6dpi) had 4014774 read pairs before Bowtie2 filtering and 2981854 read pairs after. 
Donor 3 (2dpi) had 5468360 read pairs before Bowtie2 filtering and 4772736 read pairs after. 
Donor 3 (6dpi) had 4960852 read pairs before Bowtie2 filtering and 3006036 read pairs after. 
spades -k 55,77,99,127 -t 2 --only-assembler --pe1-1 /homes/ksenkow/git_upload/python-wrapper/bt2_SRR5660030.1.1.fastq --pe1-2 /homes/ksenkow/git_upload/python-wrapper/bt2_SRR5660030.1.2.fastq --pe2-1 /homes/ksenkow/git_upload/python-wrapper/bt2_SRR5660033.1.1.fastq --pe2-2 /homes/ksenkow/git_upload/python-wrapper/bt2_SRR5660033.1.2.fastq --pe3-1 /homes/ksenkow/git_upload/python-wrapper/bt2_SRR5660044.1.1.fastq --pe3-2 /homes/ksenkow/git_upload/python-wrapper/bt2_SRR5660044.1.2.fastq --pe4-1 /homes/ksenkow/git_upload/python-wrapper/bt2_SRR5660045.1.1.fastq --pe4-2 /homes/ksenkow/git_upload/python-wrapper/bt2_SRR5660045.1.2.fastq -o /homes/ksenkow/git_upload/python-wrapper/spades_assembly/
There are 54 contigs > 1000 bp in the assembly.
There are 195620 bp in the assembly.
sacc	pident	length	qstart	qend	sstart	send	bitscore	eval	stitle
NC_006273.2	99.434	15900	1	15888	138721	122822	28853	0.0	NC_006273.2 Human herpesvirus 5 strain Merlin, complete genome
NC_003521.1	83.327	2831	8751	11576	130007	127219	2569	0.0	NC_003521.1 Panine herpesvirus 2 strain Heberling, complete genome
NC_003521.1	82.562	1858	3813	5644	135403	133566	1594	0.0	NC_003521.1 Panine herpesvirus 2 strain Heberling, complete genome
NC_003521.1	84.719	1564	11676	13235	127071	125512	1557	0.0	NC_003521.1 Panine herpesvirus 2 strain Heberling, complete genome
NC_003521.1	84.833	1167	6385	7542	132561	131401	1160	0.0	NC_003521.1 Panine herpesvirus 2 strain Heberling, complete genome
NC_003521.1	85.942	1003	13386	14383	125347	124356	1057	0.0	NC_003521.1 Panine herpesvirus 2 strain Heberling, complete genome
NC_003521.1	87.042	710	2571	3275	136787	136080	795	0.0	NC_003521.1 Panine herpesvirus 2 strain Heberling, complete genome
NC_003521.1	81.085	682	8043	8718	130753	130078	534	7.06e-151	NC_003521.1 Panine herpesvirus 2 strain Heberling, complete genome
NC_033176.1	74.260	2467	9113	11556	118190	115749	994	0.0	NC_033176.1 Cynomolgus cytomegalovirus isolate 31908, complete genome
NC_033176.1	79.618	996	3813	4804	123097	122106	708	0.0	NC_033176.1 Cynomolgus cytomegalovirus isolate 31908, complete genome
